<?xml version="1.0" encoding="UTF-8" ?>
<testsuite tests="4" failures="0" name="com.basic.postWithDataTableSD.RunMyPostWithDataTableTest" time="0" errors="0" skipped="0">
  <properties>
[...]
</properties>
  <testcase classname="Scenario: Test my POST request test" name="Given user hit the post request with &quot;Tom&quot; name" time="0"/>
  <testcase classname="Scenario: Test my POST request test" name="Then user validate followind data" time="0"/>
  <testcase classname="Scenario: Test my POST request test" name="Then I will validate other parameter" time="0"/>
  <testcase classname="Scenario: Test my POST request test" name="Scenario: Test my POST request test" time="0"/>
</testsuite>